

Version:	3.50
CmdLine:	C:\Users\tusha\OneDrive\Documents\NetBeansProjects\dbms\dist\Digital Mobile Shop.exe --l4j-debug
JNI:		No
WOW64:		Yes
Create mutex:	Digital MobilePhone Shop
Working dir:	C:\Users\tusha\OneDrive\Documents\NetBeansProjects\dbms\dist\.
Requires JDK:	No
Requires 64-Bit: No
Java min ver:	1.008.000
Java max ver:	
JRE paths:	C:\Users\tusha\OneDrive\Documents\NetBeansProjects\dbms\dist\dbms.jar
Check launcher:	C:\Users\tusha\OneDrive\Documents\NetBeansProjects\dbms\dist\dbms.jar\bin\javaw.exe (not found)
64-bit search:	SOFTWARE\JavaSoft\Java Runtime Environment...
Check:		SOFTWARE\JavaSoft\Java Runtime Environment\1.8
Version string: 1.008.000 / 64-Bit (OK)
Check launcher:	C:\Program Files\Java\jre-1.8\bin\javaw.exe (OK)
Match:		1.008.000
Runtime used:	1.008.000 (64-bit)
Launcher:	C:\Program Files\Java\jre-1.8\bin\javaw.exe
Launcher args:	-jar "C:\Users\tusha\OneDrive\Documents\NetBeansProjects\dbms\dist\Digital Mobile Shop.exe"
Args length:	91/32768 chars
Exit code:	0


Version:	3.50
CmdLine:	C:\Users\tusha\OneDrive\Documents\NetBeansProjects\dbms\dist\Digital Mobile Shop.exe --l4j-debug
JNI:		No
WOW64:		Yes
Create mutex:	Digital MobilePhone Shop
Working dir:	C:\Users\tusha\OneDrive\Documents\NetBeansProjects\dbms\dist\.
Requires JDK:	No
Requires 64-Bit: No
Java min ver:	1.008.000
Java max ver:	
JRE paths:	C:\Program Files\Java\jre-1.8\bin
Check launcher:	C:\Program Files\Java\jre-1.8\bin\javaw.exe (OK)
Version string: 1.008.000_371 / 64-Bit (OK)
Launcher:	C:\Program Files\Java\jre-1.8\bin\javaw.exe
Launcher args:	-jar "C:\Users\tusha\OneDrive\Documents\NetBeansProjects\dbms\dist\Digital Mobile Shop.exe"
Args length:	91/32768 chars
Exit code:	0


Version:	3.50
CmdLine:	C:\Users\tusha\OneDrive\Documents\NetBeansProjects\dbms\dist\Digital Mobile Shop.exe --l4j-debug
JNI:		No
WOW64:		Yes
Create mutex:	Digital MobilePhone Shop
Working dir:	C:\Users\tusha\OneDrive\Documents\NetBeansProjects\dbms\dist\.
Requires JDK:	No
Requires 64-Bit: No
Java min ver:	1.008.000
Java max ver:	
JRE paths:	C:\Program Files\Java\jre-1.8\bin
Check launcher:	C:\Program Files\Java\jre-1.8\bin\javaw.exe (OK)
Version string: 1.008.000_371 / 64-Bit (OK)
Launcher:	C:\Program Files\Java\jre-1.8\bin\javaw.exe
Launcher args:	-jar "C:\Users\tusha\OneDrive\Documents\NetBeansProjects\dbms\dist\Digital Mobile Shop.exe"
Args length:	91/32768 chars
Exit code:	0


Version:	3.50
CmdLine:	C:\Users\tusha\OneDrive\Documents\NetBeansProjects\dbms\dist\Digital Mobile Shop.exe --l4j-debug
JNI:		No
WOW64:		Yes
Create mutex:	Digital MobilePhone Shop
Working dir:	C:\Users\tusha\OneDrive\Documents\NetBeansProjects\dbms\dist\.
Requires JDK:	No
Requires 64-Bit: No
Java min ver:	1.008.000
Java max ver:	
JRE paths:	C:\Program Files\Java\jre-1.8
Check launcher:	C:\Program Files\Java\jre-1.8\bin\javaw.exe (OK)
Version string: 1.008.000_371 / 64-Bit (OK)
Launcher:	C:\Program Files\Java\jre-1.8\bin\javaw.exe
Launcher args:	-jar "C:\Users\tusha\OneDrive\Documents\NetBeansProjects\dbms\dist\Digital Mobile Shop.exe"
Args length:	91/32768 chars
Exit code:	0
